<?xml version="1.0" encoding="UTF-8"?>
<!-- Generated by org.testng.reporters.JUnitReportReporter -->
<testsuite hostname="Jans-MacBook-Air-3.local" name="utility.NetworkTest" tests="2" failures="0" timestamp="17 Dec 2014 20:07:12 GMT" time="0.048" errors="0">
  <testcase name="executeQuery" time="0.046" classname="utility.NetworkTest"/>
  <testcase name="getDatabaseProperties" time="0.002" classname="utility.NetworkTest"/>
</testsuite> <!-- utility.NetworkTest -->
