<?xml version="1.0" encoding="UTF-8"?>
<!-- Generated by org.testng.reporters.JUnitReportReporter -->
<testsuite hostname="Whitesnow" name="run.XML2ObjectTest" tests="1" failures="0" timestamp="14 Oct 2014 08:09:16 GMT" time="0.078" errors="0">
  <testcase name="xml2patternn" time="0.078" classname="run.XML2ObjectTest"/>
</testsuite> <!-- run.XML2ObjectTest -->
