<?xml version="1.0" encoding="UTF-8"?>
<!-- Generated by org.testng.reporters.JUnitReportReporter -->
<testsuite hostname="Jans-MacBook-Air-3.local" name="utility.XMLTest" tests="3" failures="0" timestamp="20 Dec 2014 06:40:30 GMT" time="0.427" errors="0">
  <testcase name="xml2patternTest" time="0.032" classname="utility.XMLTest"/>
  <testcase name="validateXMLSchemaTest" time="0.131" classname="utility.XMLTest"/>
  <testcase name="pattern2XMLTest" time="0.264" classname="utility.XMLTest"/>
</testsuite> <!-- utility.XMLTest -->
