<?xml version="1.0" encoding="UTF-8"?>
<!-- Generated by org.testng.reporters.JUnitReportReporter -->
<testsuite hostname="Whitesnow" name="run.MetaInformationTest" tests="3" failures="0" timestamp="18 Oct 2014 11:43:15 GMT" time="1.110" errors="0">
  <testcase name="getColumnList" time="0.829" classname="run.MetaInformationTest"/>
  <testcase name="getValueColumnList" time="0.125" classname="run.MetaInformationTest"/>
  <testcase name="getTableList" time="0.156" classname="run.MetaInformationTest"/>
</testsuite> <!-- run.MetaInformationTest -->
