<?xml version="1.0" encoding="UTF-8"?>
<!-- Generated by org.testng.reporters.JUnitReportReporter -->
<testsuite hostname="Jans-MacBook-Air-3.local" name="run.PatternTest" tests="2" failures="0" timestamp="21 Dec 2014 12:55:28 GMT" time="0.141" errors="0">
  <testcase name="testSettersAndGetters" time="0.107" classname="run.PatternTest"/>
  <testcase name="testMetaInformation" time="0.034" classname="run.PatternTest"/>
</testsuite> <!-- run.PatternTest -->
