<?xml version="1.0" encoding="UTF-8"?>
<!-- Generated by org.testng.reporters.JUnitReportReporter -->
<testsuite hostname="Whitesnow" name="run.XMLTest" tests="3" failures="0" timestamp="14 Oct 2014 11:18:32 GMT" time="0.148" errors="0">
  <testcase name="xml2patternTest" time="0.015" classname="run.XMLTest"/>
  <testcase name="validateXMLSchemaTest" time="0.050" classname="run.XMLTest"/>
  <testcase name="pattern2XMLTest" time="0.083" classname="run.XMLTest"/>
</testsuite> <!-- run.XMLTest -->
