<?xml version="1.0" encoding="UTF-8"?>
<!-- Generated by org.testng.reporters.JUnitReportReporter -->
<testsuite hostname="Jans-MacBook-Air-3.local" name="utility.NetworkPropertyListTest" tests="1" failures="0" timestamp="17 Dec 2014 20:07:12 GMT" time="0.013" errors="0">
  <testcase name="getJDBCProperties" time="0.013" classname="utility.NetworkPropertyListTest"/>
</testsuite> <!-- utility.NetworkPropertyListTest -->
