<?xml version="1.0" encoding="UTF-8"?>
<!-- Generated by org.testng.reporters.JUnitReportReporter -->
<testsuite hostname="Jans-MacBook-Air-3.local" name="run.NetworkDriverListTest" tests="2" failures="0" timestamp="5 Nov 2014 14:49:53 GMT" time="0.141" errors="0">
  <testcase name="getJDBCProperties" time="0.127" classname="run.NetworkDriverListTest"/>
  <testcase name="xml2object" time="0.014" classname="run.NetworkDriverListTest"/>
</testsuite> <!-- run.NetworkDriverListTest -->
