<?xml version="1.0" encoding="UTF-8"?>
<!-- Generated by org.testng.reporters.JUnitReportReporter -->
<testsuite hostname="Jans-MacBook-Air-3.local" name="utility.SQLTest" tests="1" failures="0" timestamp="17 Dec 2014 20:07:12 GMT" time="0.000" errors="0">
  <testcase name="propagateID" time="0.000" classname="utility.SQLTest"/>
</testsuite> <!-- utility.SQLTest -->
