<?xml version="1.0" encoding="UTF-8"?>
<!-- Generated by org.testng.reporters.JUnitReportReporter -->
<testsuite hostname="Jans-MacBook-Air-3.local" name="run.PropagationTest" tests="1" failures="0" timestamp="17 Dec 2014 20:06:34 GMT" time="1.466" errors="0">
  <testcase name="propagateBase" time="1.466" classname="run.PropagationTest"/>
</testsuite> <!-- run.PropagationTest -->
