<?xml version="1.0" encoding="UTF-8"?>
<!-- Generated by org.testng.reporters.JUnitReportReporter -->
<testsuite hostname="Jans-MacBook-Air-3.local" name="utility.NetworkDriverListTest" tests="1" failures="0" timestamp="5 Nov 2014 14:56:00 GMT" time="0.102" errors="0">
  <testcase name="getJDBCProperties" time="0.102" classname="utility.NetworkDriverListTest"/>
</testsuite> <!-- utility.NetworkDriverListTest -->
