<?xml version="1.0" encoding="UTF-8"?>
<!-- Generated by org.testng.reporters.JUnitReportReporter -->
<testsuite hostname="Whitesnow" name="XML2Object" tests="1" failures="0" timestamp="13 Oct 2014 17:49:30 GMT" time="0.084" errors="0">
  <testcase name="xml2patternn" time="0.084" classname="XML2Object"/>
</testsuite> <!-- XML2Object -->
