<?xml version="1.0" encoding="UTF-8"?>
<!-- Generated by org.testng.reporters.JUnitReportReporter -->
<testsuite hostname="Whitesnow" name="test.XML2ObjectTest" tests="1" failures="0" timestamp="13 Oct 2014 17:35:04 GMT" time="0.017" errors="0">
  <testcase name="xml2pattern" time="0.017" classname="test.XML2ObjectTest"/>
</testsuite> <!-- test.XML2ObjectTest -->
